[2015-03-31 15:48:33.229] [INFO] pomelo - [32m[/Users/truongnguyen/Documents/workspace/Pomelo/PushChannel/game-server/node_modules/pomelo/lib/application.js] [39mapplication inited: "connector-server-1"
[2015-03-31 15:48:33.609] [INFO] pomelo - [32m[/Users/truongnguyen/Documents/workspace/Pomelo/PushChannel/game-server/node_modules/pomelo/lib/application.js] [39m"connector-server-1" enter after start...
[2015-03-31 15:48:33.611] [INFO] pomelo - [32m[/Users/truongnguyen/Documents/workspace/Pomelo/PushChannel/game-server/node_modules/pomelo/lib/application.js] [39m"connector-server-1" finish start
[2015-03-31 15:48:33.611] [INFO] pomelo - [32m[/Users/truongnguyen/Documents/workspace/Pomelo/PushChannel/game-server/node_modules/pomelo/lib/application.js] [39m"connector-server-1" startup in 302 ms
[2015-03-31 15:48:33.651] [DEBUG] pomelo - [36m[/Users/truongnguyen/Documents/workspace/Pomelo/PushChannel/game-server/node_modules/pomelo/lib/modules/monitorwatcher.js] [39m[connector-server-1] receive addServer signal: {"action":"addServer","server":{"main":"/Users/truongnguyen/Documents/workspace/Pomelo/PushChannel/game-server/app.js","env":"development","id":"pushhttp","host":"127.0.0.1","port":3002,"serverType":"pushhttp","pid":9602}}
[2015-03-31 16:04:35.402] [INFO] pomelo - [32m[/Users/truongnguyen/Documents/workspace/Pomelo/PushChannel/game-server/node_modules/pomelo/lib/application.js] [39mapplication inited: "connector-server-1"
[2015-03-31 16:04:35.779] [INFO] pomelo - [32m[/Users/truongnguyen/Documents/workspace/Pomelo/PushChannel/game-server/node_modules/pomelo/lib/application.js] [39m"connector-server-1" enter after start...
[2015-03-31 16:04:35.781] [INFO] pomelo - [32m[/Users/truongnguyen/Documents/workspace/Pomelo/PushChannel/game-server/node_modules/pomelo/lib/application.js] [39m"connector-server-1" finish start
[2015-03-31 16:04:35.781] [INFO] pomelo - [32m[/Users/truongnguyen/Documents/workspace/Pomelo/PushChannel/game-server/node_modules/pomelo/lib/application.js] [39m"connector-server-1" startup in 300 ms
[2015-03-31 16:04:35.823] [DEBUG] pomelo - [36m[/Users/truongnguyen/Documents/workspace/Pomelo/PushChannel/game-server/node_modules/pomelo/lib/modules/monitorwatcher.js] [39m[connector-server-1] receive addServer signal: {"action":"addServer","server":{"main":"/Users/truongnguyen/Documents/workspace/Pomelo/PushChannel/game-server/app.js","env":"development","id":"pushhttp","host":"127.0.0.1","port":3002,"serverType":"pushhttp","pid":9988}}
[2015-03-31 16:08:48.908] [INFO] pomelo - [32m[/Users/truongnguyen/Documents/workspace/Pomelo/PushChannel/game-server/node_modules/pomelo/lib/application.js] [39mapplication inited: "connector-server-1"
[2015-03-31 16:08:49.308] [INFO] pomelo - [32m[/Users/truongnguyen/Documents/workspace/Pomelo/PushChannel/game-server/node_modules/pomelo/lib/application.js] [39m"connector-server-1" enter after start...
[2015-03-31 16:08:49.311] [INFO] pomelo - [32m[/Users/truongnguyen/Documents/workspace/Pomelo/PushChannel/game-server/node_modules/pomelo/lib/application.js] [39m"connector-server-1" finish start
[2015-03-31 16:08:49.311] [INFO] pomelo - [32m[/Users/truongnguyen/Documents/workspace/Pomelo/PushChannel/game-server/node_modules/pomelo/lib/application.js] [39m"connector-server-1" startup in 312 ms
[2015-03-31 16:08:49.340] [DEBUG] pomelo - [36m[/Users/truongnguyen/Documents/workspace/Pomelo/PushChannel/game-server/node_modules/pomelo/lib/modules/monitorwatcher.js] [39m[connector-server-1] receive addServer signal: {"action":"addServer","server":{"main":"/Users/truongnguyen/Documents/workspace/Pomelo/PushChannel/game-server/app.js","env":"development","id":"pushhttp","host":"127.0.0.1","port":3002,"serverType":"pushhttp","pid":10203}}
[2015-03-31 16:09:08.886] [INFO] pomelo - [32m[/Users/truongnguyen/Documents/workspace/Pomelo/PushChannel/game-server/node_modules/pomelo/lib/application.js] [39mapplication inited: "connector-server-1"
[2015-03-31 16:09:09.255] [INFO] pomelo - [32m[/Users/truongnguyen/Documents/workspace/Pomelo/PushChannel/game-server/node_modules/pomelo/lib/application.js] [39m"connector-server-1" enter after start...
[2015-03-31 16:09:09.258] [INFO] pomelo - [32m[/Users/truongnguyen/Documents/workspace/Pomelo/PushChannel/game-server/node_modules/pomelo/lib/application.js] [39m"connector-server-1" finish start
[2015-03-31 16:09:09.258] [INFO] pomelo - [32m[/Users/truongnguyen/Documents/workspace/Pomelo/PushChannel/game-server/node_modules/pomelo/lib/application.js] [39m"connector-server-1" startup in 289 ms
[2015-03-31 16:09:09.293] [DEBUG] pomelo - [36m[/Users/truongnguyen/Documents/workspace/Pomelo/PushChannel/game-server/node_modules/pomelo/lib/modules/monitorwatcher.js] [39m[connector-server-1] receive addServer signal: {"action":"addServer","server":{"main":"/Users/truongnguyen/Documents/workspace/Pomelo/PushChannel/game-server/app.js","env":"development","id":"pushhttp","host":"127.0.0.1","port":3002,"serverType":"pushhttp","pid":10211}}
[2015-03-31 16:12:07.590] [INFO] pomelo - [32m[/Users/truongnguyen/Documents/workspace/Pomelo/PushChannel/game-server/node_modules/pomelo/lib/application.js] [39mapplication inited: "connector-server-1"
[2015-03-31 16:12:07.939] [INFO] pomelo - [32m[/Users/truongnguyen/Documents/workspace/Pomelo/PushChannel/game-server/node_modules/pomelo/lib/application.js] [39m"connector-server-1" enter after start...
[2015-03-31 16:12:07.941] [INFO] pomelo - [32m[/Users/truongnguyen/Documents/workspace/Pomelo/PushChannel/game-server/node_modules/pomelo/lib/application.js] [39m"connector-server-1" finish start
[2015-03-31 16:12:07.941] [INFO] pomelo - [32m[/Users/truongnguyen/Documents/workspace/Pomelo/PushChannel/game-server/node_modules/pomelo/lib/application.js] [39m"connector-server-1" startup in 262 ms
[2015-03-31 16:12:32.731] [INFO] pomelo - [32m[/Users/truongnguyen/Documents/workspace/Pomelo/PushChannel/game-server/node_modules/pomelo/lib/application.js] [39mapplication inited: "connector-server-1"
[2015-03-31 16:12:33.087] [INFO] pomelo - [32m[/Users/truongnguyen/Documents/workspace/Pomelo/PushChannel/game-server/node_modules/pomelo/lib/application.js] [39m"connector-server-1" enter after start...
[2015-03-31 16:12:33.091] [INFO] pomelo - [32m[/Users/truongnguyen/Documents/workspace/Pomelo/PushChannel/game-server/node_modules/pomelo/lib/application.js] [39m"connector-server-1" finish start
[2015-03-31 16:12:33.092] [INFO] pomelo - [32m[/Users/truongnguyen/Documents/workspace/Pomelo/PushChannel/game-server/node_modules/pomelo/lib/application.js] [39m"connector-server-1" startup in 274 ms
[2015-03-31 16:13:34.224] [INFO] pomelo - [32m[/Users/truongnguyen/Documents/workspace/Pomelo/PushChannel/game-server/node_modules/pomelo/lib/application.js] [39mapplication inited: "connector-server-1"
[2015-03-31 16:13:34.548] [INFO] pomelo - [32m[/Users/truongnguyen/Documents/workspace/Pomelo/PushChannel/game-server/node_modules/pomelo/lib/application.js] [39m"connector-server-1" enter after start...
[2015-03-31 16:13:34.552] [INFO] pomelo - [32m[/Users/truongnguyen/Documents/workspace/Pomelo/PushChannel/game-server/node_modules/pomelo/lib/application.js] [39m"connector-server-1" finish start
[2015-03-31 16:13:34.552] [INFO] pomelo - [32m[/Users/truongnguyen/Documents/workspace/Pomelo/PushChannel/game-server/node_modules/pomelo/lib/application.js] [39m"connector-server-1" startup in 254 ms
[2015-03-31 16:14:24.555] [INFO] pomelo - [32m[/Users/truongnguyen/Documents/workspace/Pomelo/PushChannel/game-server/node_modules/pomelo/lib/application.js] [39mapplication inited: "connector-server-1"
[2015-03-31 16:14:24.894] [INFO] pomelo - [32m[/Users/truongnguyen/Documents/workspace/Pomelo/PushChannel/game-server/node_modules/pomelo/lib/application.js] [39m"connector-server-1" enter after start...
[2015-03-31 16:14:24.896] [INFO] pomelo - [32m[/Users/truongnguyen/Documents/workspace/Pomelo/PushChannel/game-server/node_modules/pomelo/lib/application.js] [39m"connector-server-1" finish start
[2015-03-31 16:14:24.897] [INFO] pomelo - [32m[/Users/truongnguyen/Documents/workspace/Pomelo/PushChannel/game-server/node_modules/pomelo/lib/application.js] [39m"connector-server-1" startup in 265 ms
[2015-03-31 16:17:42.862] [INFO] pomelo - [32m[/Users/truongnguyen/Documents/workspace/Pomelo/PushChannel/game-server/node_modules/pomelo/lib/application.js] [39mapplication inited: "connector-server-1"
[2015-03-31 16:17:43.220] [INFO] pomelo - [32m[/Users/truongnguyen/Documents/workspace/Pomelo/PushChannel/game-server/node_modules/pomelo/lib/application.js] [39m"connector-server-1" enter after start...
[2015-03-31 16:17:43.222] [INFO] pomelo - [32m[/Users/truongnguyen/Documents/workspace/Pomelo/PushChannel/game-server/node_modules/pomelo/lib/application.js] [39m"connector-server-1" finish start
[2015-03-31 16:17:43.222] [INFO] pomelo - [32m[/Users/truongnguyen/Documents/workspace/Pomelo/PushChannel/game-server/node_modules/pomelo/lib/application.js] [39m"connector-server-1" startup in 282 ms
[2015-03-31 16:17:43.248] [DEBUG] pomelo - [36m[/Users/truongnguyen/Documents/workspace/Pomelo/PushChannel/game-server/node_modules/pomelo/lib/modules/monitorwatcher.js] [39m[connector-server-1] receive addServer signal: {"action":"addServer","server":{"main":"/Users/truongnguyen/Documents/workspace/Pomelo/PushChannel/game-server/app.js","env":"development","id":"pushhttp","host":"127.0.0.1","port":3002,"serverType":"pushhttp","pid":10516}}
[2015-03-31 16:18:10.508] [INFO] pomelo - [32m[/Users/truongnguyen/Documents/workspace/Pomelo/PushChannel/game-server/node_modules/pomelo/lib/application.js] [39mapplication inited: "connector-server-1"
[2015-03-31 16:18:10.864] [INFO] pomelo - [32m[/Users/truongnguyen/Documents/workspace/Pomelo/PushChannel/game-server/node_modules/pomelo/lib/application.js] [39m"connector-server-1" enter after start...
[2015-03-31 16:18:10.866] [INFO] pomelo - [32m[/Users/truongnguyen/Documents/workspace/Pomelo/PushChannel/game-server/node_modules/pomelo/lib/application.js] [39m"connector-server-1" finish start
[2015-03-31 16:18:10.866] [INFO] pomelo - [32m[/Users/truongnguyen/Documents/workspace/Pomelo/PushChannel/game-server/node_modules/pomelo/lib/application.js] [39m"connector-server-1" startup in 279 ms
[2015-03-31 16:18:10.894] [DEBUG] pomelo - [36m[/Users/truongnguyen/Documents/workspace/Pomelo/PushChannel/game-server/node_modules/pomelo/lib/modules/monitorwatcher.js] [39m[connector-server-1] receive addServer signal: {"action":"addServer","server":{"main":"/Users/truongnguyen/Documents/workspace/Pomelo/PushChannel/game-server/app.js","env":"development","id":"pushhttp","host":"127.0.0.1","port":3002,"serverType":"pushhttp","pid":10560}}
[2015-03-31 16:18:29.821] [INFO] pomelo - [32m[/Users/truongnguyen/Documents/workspace/Pomelo/PushChannel/game-server/node_modules/pomelo/lib/application.js] [39mapplication inited: "connector-server-1"
[2015-03-31 16:18:30.268] [INFO] pomelo - [32m[/Users/truongnguyen/Documents/workspace/Pomelo/PushChannel/game-server/node_modules/pomelo/lib/application.js] [39m"connector-server-1" enter after start...
[2015-03-31 16:18:30.274] [INFO] pomelo - [32m[/Users/truongnguyen/Documents/workspace/Pomelo/PushChannel/game-server/node_modules/pomelo/lib/application.js] [39m"connector-server-1" finish start
[2015-03-31 16:18:30.274] [INFO] pomelo - [32m[/Users/truongnguyen/Documents/workspace/Pomelo/PushChannel/game-server/node_modules/pomelo/lib/application.js] [39m"connector-server-1" startup in 375 ms
[2015-03-31 16:18:30.296] [DEBUG] pomelo - [36m[/Users/truongnguyen/Documents/workspace/Pomelo/PushChannel/game-server/node_modules/pomelo/lib/modules/monitorwatcher.js] [39m[connector-server-1] receive addServer signal: {"action":"addServer","server":{"main":"/Users/truongnguyen/Documents/workspace/Pomelo/PushChannel/game-server/app.js","env":"development","id":"pushhttp","host":"127.0.0.1","port":3002,"serverType":"pushhttp","pid":10604}}
[2015-03-31 16:27:04.106] [INFO] pomelo - [32m[/Users/truongnguyen/Documents/workspace/Pomelo/PushChannel/game-server/node_modules/pomelo/lib/application.js] [39mapplication inited: "connector-server-1"
[2015-03-31 16:27:04.469] [INFO] pomelo - [32m[/Users/truongnguyen/Documents/workspace/Pomelo/PushChannel/game-server/node_modules/pomelo/lib/application.js] [39m"connector-server-1" enter after start...
[2015-03-31 16:27:04.472] [INFO] pomelo - [32m[/Users/truongnguyen/Documents/workspace/Pomelo/PushChannel/game-server/node_modules/pomelo/lib/application.js] [39m"connector-server-1" finish start
[2015-03-31 16:27:04.472] [INFO] pomelo - [32m[/Users/truongnguyen/Documents/workspace/Pomelo/PushChannel/game-server/node_modules/pomelo/lib/application.js] [39m"connector-server-1" startup in 276 ms
[2015-03-31 16:27:04.523] [DEBUG] pomelo - [36m[/Users/truongnguyen/Documents/workspace/Pomelo/PushChannel/game-server/node_modules/pomelo/lib/modules/monitorwatcher.js] [39m[connector-server-1] receive addServer signal: {"action":"addServer","server":{"main":"/Users/truongnguyen/Documents/workspace/Pomelo/PushChannel/game-server/app.js","env":"development","id":"pushhttp","host":"127.0.0.1","port":3002,"serverType":"pushhttp","pid":11347}}
[2015-03-31 16:36:56.441] [INFO] pomelo - [32m[/Users/truongnguyen/Documents/workspace/Pomelo/PushChannel/game-server/node_modules/pomelo/lib/application.js] [39mapplication inited: "connector-server-1"
[2015-03-31 16:36:56.902] [INFO] pomelo - [32m[/Users/truongnguyen/Documents/workspace/Pomelo/PushChannel/game-server/node_modules/pomelo/lib/application.js] [39m"connector-server-1" enter after start...
[2015-03-31 16:36:56.905] [INFO] pomelo - [32m[/Users/truongnguyen/Documents/workspace/Pomelo/PushChannel/game-server/node_modules/pomelo/lib/application.js] [39m"connector-server-1" finish start
[2015-03-31 16:36:56.905] [INFO] pomelo - [32m[/Users/truongnguyen/Documents/workspace/Pomelo/PushChannel/game-server/node_modules/pomelo/lib/application.js] [39m"connector-server-1" startup in 368 ms
[2015-03-31 16:36:56.954] [DEBUG] pomelo - [36m[/Users/truongnguyen/Documents/workspace/Pomelo/PushChannel/game-server/node_modules/pomelo/lib/modules/monitorwatcher.js] [39m[connector-server-1] receive addServer signal: {"action":"addServer","server":{"main":"/Users/truongnguyen/Documents/workspace/Pomelo/PushChannel/game-server/app.js","env":"development","id":"pushhttp","host":"127.0.0.1","port":3002,"serverType":"pushhttp","pid":12749}}
[2015-03-31 16:37:25.848] [INFO] pomelo - [32m[/Users/truongnguyen/Documents/workspace/Pomelo/PushChannel/game-server/node_modules/pomelo/lib/application.js] [39mapplication inited: "connector-server-1"
[2015-03-31 16:37:26.322] [INFO] pomelo - [32m[/Users/truongnguyen/Documents/workspace/Pomelo/PushChannel/game-server/node_modules/pomelo/lib/application.js] [39m"connector-server-1" enter after start...
[2015-03-31 16:37:26.324] [INFO] pomelo - [32m[/Users/truongnguyen/Documents/workspace/Pomelo/PushChannel/game-server/node_modules/pomelo/lib/application.js] [39m"connector-server-1" finish start
[2015-03-31 16:37:26.324] [INFO] pomelo - [32m[/Users/truongnguyen/Documents/workspace/Pomelo/PushChannel/game-server/node_modules/pomelo/lib/application.js] [39m"connector-server-1" startup in 384 ms
[2015-03-31 16:37:26.382] [DEBUG] pomelo - [36m[/Users/truongnguyen/Documents/workspace/Pomelo/PushChannel/game-server/node_modules/pomelo/lib/modules/monitorwatcher.js] [39m[connector-server-1] receive addServer signal: {"action":"addServer","server":{"main":"/Users/truongnguyen/Documents/workspace/Pomelo/PushChannel/game-server/app.js","env":"development","id":"pushhttp","host":"127.0.0.1","port":3002,"serverType":"pushhttp","pid":12837}}
[2015-03-31 16:40:09.683] [INFO] pomelo - [32m[/Users/truongnguyen/Documents/workspace/Pomelo/PushChannel/game-server/node_modules/pomelo/lib/application.js] [39mapplication inited: "connector-server-1"
[2015-03-31 16:40:10.168] [INFO] pomelo - [32m[/Users/truongnguyen/Documents/workspace/Pomelo/PushChannel/game-server/node_modules/pomelo/lib/application.js] [39m"connector-server-1" enter after start...
[2015-03-31 16:40:10.171] [INFO] pomelo - [32m[/Users/truongnguyen/Documents/workspace/Pomelo/PushChannel/game-server/node_modules/pomelo/lib/application.js] [39m"connector-server-1" finish start
[2015-03-31 16:40:10.172] [INFO] pomelo - [32m[/Users/truongnguyen/Documents/workspace/Pomelo/PushChannel/game-server/node_modules/pomelo/lib/application.js] [39m"connector-server-1" startup in 392 ms
[2015-03-31 16:40:10.177] [DEBUG] pomelo - [36m[/Users/truongnguyen/Documents/workspace/Pomelo/PushChannel/game-server/node_modules/pomelo/lib/modules/monitorwatcher.js] [39m[connector-server-1] receive addServer signal: {"action":"addServer","server":{"main":"/Users/truongnguyen/Documents/workspace/Pomelo/PushChannel/game-server/app.js","env":"development","id":"push","host":"127.0.0.1","port":3003,"serverType":"push","pid":13146}}
[2015-03-31 16:40:10.240] [DEBUG] pomelo - [36m[/Users/truongnguyen/Documents/workspace/Pomelo/PushChannel/game-server/node_modules/pomelo/lib/modules/monitorwatcher.js] [39m[connector-server-1] receive addServer signal: {"action":"addServer","server":{"main":"/Users/truongnguyen/Documents/workspace/Pomelo/PushChannel/game-server/app.js","env":"development","id":"pushhttp","host":"127.0.0.1","port":3002,"serverType":"pushhttp","pid":13145}}
[2015-03-31 16:40:48.070] [INFO] pomelo - [32m[/Users/truongnguyen/Documents/workspace/Pomelo/PushChannel/game-server/node_modules/pomelo/lib/application.js] [39mapplication inited: "connector-server-1"
[2015-03-31 16:40:48.575] [INFO] pomelo - [32m[/Users/truongnguyen/Documents/workspace/Pomelo/PushChannel/game-server/node_modules/pomelo/lib/application.js] [39m"connector-server-1" enter after start...
[2015-03-31 16:40:48.579] [INFO] pomelo - [32m[/Users/truongnguyen/Documents/workspace/Pomelo/PushChannel/game-server/node_modules/pomelo/lib/application.js] [39m"connector-server-1" finish start
[2015-03-31 16:40:48.579] [INFO] pomelo - [32m[/Users/truongnguyen/Documents/workspace/Pomelo/PushChannel/game-server/node_modules/pomelo/lib/application.js] [39m"connector-server-1" startup in 398 ms
[2015-03-31 16:40:48.580] [DEBUG] pomelo - [36m[/Users/truongnguyen/Documents/workspace/Pomelo/PushChannel/game-server/node_modules/pomelo/lib/modules/monitorwatcher.js] [39m[connector-server-1] receive addServer signal: {"action":"addServer","server":{"main":"/Users/truongnguyen/Documents/workspace/Pomelo/PushChannel/game-server/app.js","env":"development","id":"push","host":"127.0.0.1","port":3003,"serverType":"push","pid":13202}}
[2015-03-31 16:40:48.638] [DEBUG] pomelo - [36m[/Users/truongnguyen/Documents/workspace/Pomelo/PushChannel/game-server/node_modules/pomelo/lib/modules/monitorwatcher.js] [39m[connector-server-1] receive addServer signal: {"action":"addServer","server":{"main":"/Users/truongnguyen/Documents/workspace/Pomelo/PushChannel/game-server/app.js","env":"development","id":"pushhttp","host":"127.0.0.1","port":3002,"serverType":"pushhttp","pid":13201}}
[2015-03-31 16:42:35.960] [INFO] pomelo - [32m[/Users/truongnguyen/Documents/workspace/Pomelo/PushChannel/game-server/node_modules/pomelo/lib/application.js] [39mapplication inited: "connector-server-1"
[2015-03-31 16:42:36.417] [INFO] pomelo - [32m[/Users/truongnguyen/Documents/workspace/Pomelo/PushChannel/game-server/node_modules/pomelo/lib/application.js] [39m"connector-server-1" enter after start...
[2015-03-31 16:42:36.422] [INFO] pomelo - [32m[/Users/truongnguyen/Documents/workspace/Pomelo/PushChannel/game-server/node_modules/pomelo/lib/application.js] [39m"connector-server-1" finish start
[2015-03-31 16:42:36.422] [INFO] pomelo - [32m[/Users/truongnguyen/Documents/workspace/Pomelo/PushChannel/game-server/node_modules/pomelo/lib/application.js] [39m"connector-server-1" startup in 368 ms
[2015-03-31 16:42:36.454] [DEBUG] pomelo - [36m[/Users/truongnguyen/Documents/workspace/Pomelo/PushChannel/game-server/node_modules/pomelo/lib/modules/monitorwatcher.js] [39m[connector-server-1] receive addServer signal: {"action":"addServer","server":{"main":"/Users/truongnguyen/Documents/workspace/Pomelo/PushChannel/game-server/app.js","env":"development","id":"pushhttp","host":"127.0.0.1","port":3002,"serverType":"pushhttp","pid":13918}}
[2015-03-31 16:44:14.095] [INFO] pomelo - [32m[/Users/truongnguyen/Documents/workspace/Pomelo/PushChannel/game-server/node_modules/pomelo/lib/application.js] [39mapplication inited: "connector-server-1"
[2015-03-31 16:44:14.557] [INFO] pomelo - [32m[/Users/truongnguyen/Documents/workspace/Pomelo/PushChannel/game-server/node_modules/pomelo/lib/application.js] [39m"connector-server-1" enter after start...
[2015-03-31 16:44:14.561] [INFO] pomelo - [32m[/Users/truongnguyen/Documents/workspace/Pomelo/PushChannel/game-server/node_modules/pomelo/lib/application.js] [39m"connector-server-1" finish start
[2015-03-31 16:44:14.561] [INFO] pomelo - [32m[/Users/truongnguyen/Documents/workspace/Pomelo/PushChannel/game-server/node_modules/pomelo/lib/application.js] [39m"connector-server-1" startup in 366 ms
[2015-03-31 16:44:14.578] [DEBUG] pomelo - [36m[/Users/truongnguyen/Documents/workspace/Pomelo/PushChannel/game-server/node_modules/pomelo/lib/modules/monitorwatcher.js] [39m[connector-server-1] receive addServer signal: {"action":"addServer","server":{"main":"/Users/truongnguyen/Documents/workspace/Pomelo/PushChannel/game-server/app.js","env":"development","id":"pushhttp","host":"127.0.0.1","port":3002,"serverType":"pushhttp","pid":14074}}
[2015-03-31 17:36:52.460] [INFO] pomelo - [32m[/Users/truongnguyen/Documents/workspace/Pomelo/PushChannel/game-server/node_modules/pomelo/lib/application.js] [39mapplication inited: "connector-server-1"
[2015-03-31 17:36:53.039] [INFO] pomelo - [32m[/Users/truongnguyen/Documents/workspace/Pomelo/PushChannel/game-server/node_modules/pomelo/lib/application.js] [39m"connector-server-1" enter after start...
[2015-03-31 17:36:53.043] [INFO] pomelo - [32m[/Users/truongnguyen/Documents/workspace/Pomelo/PushChannel/game-server/node_modules/pomelo/lib/application.js] [39m"connector-server-1" finish start
[2015-03-31 17:36:53.044] [INFO] pomelo - [32m[/Users/truongnguyen/Documents/workspace/Pomelo/PushChannel/game-server/node_modules/pomelo/lib/application.js] [39m"connector-server-1" startup in 442 ms
[2015-03-31 17:36:53.095] [DEBUG] pomelo - [36m[/Users/truongnguyen/Documents/workspace/Pomelo/PushChannel/game-server/node_modules/pomelo/lib/modules/monitorwatcher.js] [39m[connector-server-1] receive addServer signal: {"action":"addServer","server":{"main":"/Users/truongnguyen/Documents/workspace/Pomelo/PushChannel/game-server/app.js","env":"development","id":"pushhttp","host":"127.0.0.1","port":3002,"serverType":"pushhttp","pid":17024}}
[2015-03-31 17:39:31.699] [DEBUG] pomelo - [36m[/Users/truongnguyen/Documents/workspace/Pomelo/PushChannel/game-server/node_modules/pomelo/lib/components/connector.js] [39m[connector-server-1] getSession session is created with session id: 1
[2015-03-31 17:39:31.722] [DEBUG] pomelo - [36m[/Users/truongnguyen/Documents/workspace/Pomelo/PushChannel/game-server/node_modules/pomelo/lib/components/connector.js] [39m[connector-server-1] handleMessage session id: 1, msg: {"id":2,"route":"connector.entryHandler.subscribe","body":{"clientId":"","channelName":"com.inet.xoso","timestamp":1427798371702}}
[2015-03-31 17:39:31.727] [WARN] pomelo - [33m[/Users/truongnguyen/Documents/workspace/Pomelo/PushChannel/game-server/node_modules/pomelo/lib/common/service/handlerService.js] [39mcould not find handler for routeRecord: {"route":"connector.entryHandler.subscribe","serverType":"connector","handler":"entryHandler","method":"subscribe"}
[2015-03-31 17:39:31.727] [ERROR] pomelo - [31m[/Users/truongnguyen/Documents/workspace/Pomelo/PushChannel/game-server/node_modules/pomelo/lib/common/service/handlerService.js] [39m[handleManager]: fail to find handler for "connector.entryHandler.subscribe"
[2015-03-31 17:39:31.731] [DEBUG] pomelo - [36m[/Users/truongnguyen/Documents/workspace/Pomelo/PushChannel/game-server/node_modules/pomelo/lib/server/server.js] [39mno default error handler to resolve unknown exception. Error: fail to find handler for connector.entryHandler.subscribe
    at Service.handle (/Users/truongnguyen/Documents/workspace/Pomelo/PushChannel/game-server/node_modules/pomelo/lib/common/service/handlerService.js:33:30)
    at handle (/Users/truongnguyen/Documents/workspace/Pomelo/PushChannel/game-server/node_modules/pomelo/lib/server/server.js:370:25)
    at next (/Users/truongnguyen/Documents/workspace/Pomelo/PushChannel/game-server/node_modules/pomelo/lib/common/service/filterService.js:50:7)
    at Service.beforeFilter (/Users/truongnguyen/Documents/workspace/Pomelo/PushChannel/game-server/node_modules/pomelo/lib/common/service/filterService.js:65:3)
    at beforeFilter (/Users/truongnguyen/Documents/workspace/Pomelo/PushChannel/game-server/node_modules/pomelo/lib/server/server.js:242:8)
    at doHandle (/Users/truongnguyen/Documents/workspace/Pomelo/PushChannel/game-server/node_modules/pomelo/lib/server/server.js:383:3)
    at dispatch (/Users/truongnguyen/Documents/workspace/Pomelo/PushChannel/game-server/node_modules/pomelo/lib/server/server.js:107:7)
    at next (/Users/truongnguyen/Documents/workspace/Pomelo/PushChannel/game-server/node_modules/pomelo/lib/common/service/filterService.js:50:7)
    at Service.beforeFilter (/Users/truongnguyen/Documents/workspace/Pomelo/PushChannel/game-server/node_modules/pomelo/lib/common/service/filterService.js:65:3)
    at beforeFilter (/Users/truongnguyen/Documents/workspace/Pomelo/PushChannel/game-server/node_modules/pomelo/lib/server/server.js:242:8)
[2015-03-31 17:39:31.732] [DEBUG] pomelo - [36m[/Users/truongnguyen/Documents/workspace/Pomelo/PushChannel/game-server/node_modules/pomelo/lib/components/connector.js] [39m[connector-server-1] send message reqId: 2, route: connector.entryHandler.subscribe, msg: {"code":500}, receivers: [1], opts: {"type":"response","userOptions":{},"isResponse":true}
[2015-03-31 17:40:27.895] [DEBUG] pomelo - [36m[/Users/truongnguyen/Documents/workspace/Pomelo/PushChannel/game-server/node_modules/pomelo/lib/components/connector.js] [39m[connector-server-1] getSession session is created with session id: 2
[2015-03-31 17:40:27.916] [DEBUG] pomelo - [36m[/Users/truongnguyen/Documents/workspace/Pomelo/PushChannel/game-server/node_modules/pomelo/lib/components/connector.js] [39m[connector-server-1] handleMessage session id: 2, msg: {"id":2,"route":"connector.entryHandler.subscribe","body":{"clientId":"","channelName":"com.inet.xoso","timestamp":1427798427898}}
[2015-03-31 17:40:27.917] [WARN] pomelo - [33m[/Users/truongnguyen/Documents/workspace/Pomelo/PushChannel/game-server/node_modules/pomelo/lib/common/service/handlerService.js] [39mcould not find handler for routeRecord: {"route":"connector.entryHandler.subscribe","serverType":"connector","handler":"entryHandler","method":"subscribe"}
[2015-03-31 17:40:27.917] [ERROR] pomelo - [31m[/Users/truongnguyen/Documents/workspace/Pomelo/PushChannel/game-server/node_modules/pomelo/lib/common/service/handlerService.js] [39m[handleManager]: fail to find handler for "connector.entryHandler.subscribe"
[2015-03-31 17:40:27.918] [DEBUG] pomelo - [36m[/Users/truongnguyen/Documents/workspace/Pomelo/PushChannel/game-server/node_modules/pomelo/lib/server/server.js] [39mno default error handler to resolve unknown exception. Error: fail to find handler for connector.entryHandler.subscribe
    at Service.handle (/Users/truongnguyen/Documents/workspace/Pomelo/PushChannel/game-server/node_modules/pomelo/lib/common/service/handlerService.js:33:30)
    at handle (/Users/truongnguyen/Documents/workspace/Pomelo/PushChannel/game-server/node_modules/pomelo/lib/server/server.js:370:25)
    at next (/Users/truongnguyen/Documents/workspace/Pomelo/PushChannel/game-server/node_modules/pomelo/lib/common/service/filterService.js:50:7)
    at Service.beforeFilter (/Users/truongnguyen/Documents/workspace/Pomelo/PushChannel/game-server/node_modules/pomelo/lib/common/service/filterService.js:65:3)
    at beforeFilter (/Users/truongnguyen/Documents/workspace/Pomelo/PushChannel/game-server/node_modules/pomelo/lib/server/server.js:242:8)
    at doHandle (/Users/truongnguyen/Documents/workspace/Pomelo/PushChannel/game-server/node_modules/pomelo/lib/server/server.js:383:3)
    at dispatch (/Users/truongnguyen/Documents/workspace/Pomelo/PushChannel/game-server/node_modules/pomelo/lib/server/server.js:107:7)
    at next (/Users/truongnguyen/Documents/workspace/Pomelo/PushChannel/game-server/node_modules/pomelo/lib/common/service/filterService.js:50:7)
    at Service.beforeFilter (/Users/truongnguyen/Documents/workspace/Pomelo/PushChannel/game-server/node_modules/pomelo/lib/common/service/filterService.js:65:3)
    at beforeFilter (/Users/truongnguyen/Documents/workspace/Pomelo/PushChannel/game-server/node_modules/pomelo/lib/server/server.js:242:8)
[2015-03-31 17:40:27.918] [DEBUG] pomelo - [36m[/Users/truongnguyen/Documents/workspace/Pomelo/PushChannel/game-server/node_modules/pomelo/lib/components/connector.js] [39m[connector-server-1] send message reqId: 2, route: connector.entryHandler.subscribe, msg: {"code":500}, receivers: [2], opts: {"type":"response","userOptions":{},"isResponse":true}
[2015-03-31 17:41:31.804] [DEBUG] pomelo - [36m[/Users/truongnguyen/Documents/workspace/Pomelo/PushChannel/game-server/node_modules/pomelo/lib/common/service/sessionService.js] [39msession on [connector-server-1] is closed with session id: 1
[2015-03-31 17:41:53.455] [DEBUG] pomelo - [36m[/Users/truongnguyen/Documents/workspace/Pomelo/PushChannel/game-server/node_modules/pomelo/lib/components/connector.js] [39m[connector-server-1] getSession session is created with session id: 3
[2015-03-31 17:41:53.479] [DEBUG] pomelo - [36m[/Users/truongnguyen/Documents/workspace/Pomelo/PushChannel/game-server/node_modules/pomelo/lib/components/connector.js] [39m[connector-server-1] handleMessage session id: 3, msg: {"id":2,"route":"connector.pushHandler.subscribe","body":{"clientId":"","channelName":"com.inet.xoso","timestamp":1427798513459}}
[2015-03-31 17:42:31.580] [INFO] pomelo - [32m[/Users/truongnguyen/Documents/workspace/Pomelo/PushChannel/game-server/node_modules/pomelo/lib/application.js] [39mapplication inited: "connector-server-1"
[2015-03-31 17:42:32.063] [INFO] pomelo - [32m[/Users/truongnguyen/Documents/workspace/Pomelo/PushChannel/game-server/node_modules/pomelo/lib/application.js] [39m"connector-server-1" enter after start...
[2015-03-31 17:42:32.066] [INFO] pomelo - [32m[/Users/truongnguyen/Documents/workspace/Pomelo/PushChannel/game-server/node_modules/pomelo/lib/application.js] [39m"connector-server-1" finish start
[2015-03-31 17:42:32.066] [INFO] pomelo - [32m[/Users/truongnguyen/Documents/workspace/Pomelo/PushChannel/game-server/node_modules/pomelo/lib/application.js] [39m"connector-server-1" startup in 388 ms
[2015-03-31 17:42:32.122] [DEBUG] pomelo - [36m[/Users/truongnguyen/Documents/workspace/Pomelo/PushChannel/game-server/node_modules/pomelo/lib/modules/monitorwatcher.js] [39m[connector-server-1] receive addServer signal: {"action":"addServer","server":{"main":"/Users/truongnguyen/Documents/workspace/Pomelo/PushChannel/game-server/app.js","env":"development","id":"pushhttp","host":"127.0.0.1","port":3002,"serverType":"pushhttp","pid":17244}}
[2015-03-31 17:42:38.041] [DEBUG] pomelo - [36m[/Users/truongnguyen/Documents/workspace/Pomelo/PushChannel/game-server/node_modules/pomelo/lib/components/connector.js] [39m[connector-server-1] getSession session is created with session id: 1
[2015-03-31 17:42:38.062] [DEBUG] pomelo - [36m[/Users/truongnguyen/Documents/workspace/Pomelo/PushChannel/game-server/node_modules/pomelo/lib/components/connector.js] [39m[connector-server-1] handleMessage session id: 1, msg: {"id":2,"route":"connector.pushHandler.subscribe","body":{"clientId":"","channelName":"com.inet.xoso","timestamp":1427798558043}}
[2015-03-31 17:42:38.066] [DEBUG] pomelo - [36m[/Users/truongnguyen/Documents/workspace/Pomelo/PushChannel/game-server/node_modules/pomelo/lib/components/connector.js] [39msession on [connector-server-1] bind with uid: 
[2015-03-31 17:42:38.099] [DEBUG] pomelo - [36m[/Users/truongnguyen/Documents/workspace/Pomelo/PushChannel/game-server/node_modules/pomelo/lib/components/connector.js] [39m[connector-server-1] send message reqId: 2, route: connector.pushHandler.subscribe, msg: {"route":"subscribe","result":"{\"code\":200,\"msg\":\"subscribe message is ok.\"}"}, receivers: [1], opts: {"type":"response","userOptions":{},"isResponse":true}
[2015-03-31 17:44:18.146] [DEBUG] pomelo - [36m[/Users/truongnguyen/Documents/workspace/Pomelo/PushChannel/game-server/node_modules/pomelo/lib/common/service/sessionService.js] [39msession on [connector-server-1] is closed with session id: 1
[2015-03-31 17:48:35.933] [INFO] pomelo - [32m[/Users/truongnguyen/Documents/workspace/Pomelo/PushChannel/game-server/node_modules/pomelo/lib/application.js] [39mapplication inited: "connector-server-1"
[2015-03-31 17:48:36.428] [INFO] pomelo - [32m[/Users/truongnguyen/Documents/workspace/Pomelo/PushChannel/game-server/node_modules/pomelo/lib/application.js] [39m"connector-server-1" enter after start...
[2015-03-31 17:48:36.430] [INFO] pomelo - [32m[/Users/truongnguyen/Documents/workspace/Pomelo/PushChannel/game-server/node_modules/pomelo/lib/application.js] [39m"connector-server-1" finish start
[2015-03-31 17:48:36.431] [INFO] pomelo - [32m[/Users/truongnguyen/Documents/workspace/Pomelo/PushChannel/game-server/node_modules/pomelo/lib/application.js] [39m"connector-server-1" startup in 393 ms
[2015-03-31 17:48:36.459] [DEBUG] pomelo - [36m[/Users/truongnguyen/Documents/workspace/Pomelo/PushChannel/game-server/node_modules/pomelo/lib/modules/monitorwatcher.js] [39m[connector-server-1] receive addServer signal: {"action":"addServer","server":{"main":"/Users/truongnguyen/Documents/workspace/Pomelo/PushChannel/game-server/app.js","env":"development","id":"pushhttp","host":"127.0.0.1","port":3002,"serverType":"pushhttp","pid":17729}}
[2015-03-31 17:48:48.531] [INFO] pomelo - [32m[/Users/truongnguyen/Documents/workspace/Pomelo/PushChannel/game-server/node_modules/pomelo/lib/application.js] [39mapplication inited: "connector-server-1"
[2015-03-31 17:48:48.993] [INFO] pomelo - [32m[/Users/truongnguyen/Documents/workspace/Pomelo/PushChannel/game-server/node_modules/pomelo/lib/application.js] [39m"connector-server-1" enter after start...
[2015-03-31 17:48:48.996] [INFO] pomelo - [32m[/Users/truongnguyen/Documents/workspace/Pomelo/PushChannel/game-server/node_modules/pomelo/lib/application.js] [39m"connector-server-1" finish start
[2015-03-31 17:48:48.997] [INFO] pomelo - [32m[/Users/truongnguyen/Documents/workspace/Pomelo/PushChannel/game-server/node_modules/pomelo/lib/application.js] [39m"connector-server-1" startup in 371 ms
[2015-03-31 17:48:49.057] [DEBUG] pomelo - [36m[/Users/truongnguyen/Documents/workspace/Pomelo/PushChannel/game-server/node_modules/pomelo/lib/modules/monitorwatcher.js] [39m[connector-server-1] receive addServer signal: {"action":"addServer","server":{"main":"/Users/truongnguyen/Documents/workspace/Pomelo/PushChannel/game-server/app.js","env":"development","id":"pushhttp","host":"127.0.0.1","port":3002,"serverType":"pushhttp","pid":17735}}
[2015-03-31 17:49:11.869] [DEBUG] pomelo - [36m[/Users/truongnguyen/Documents/workspace/Pomelo/PushChannel/game-server/node_modules/pomelo/lib/components/connector.js] [39m[connector-server-1] getSession session is created with session id: 1
[2015-03-31 17:49:11.908] [DEBUG] pomelo - [36m[/Users/truongnguyen/Documents/workspace/Pomelo/PushChannel/game-server/node_modules/pomelo/lib/components/connector.js] [39m[connector-server-1] handleMessage session id: 1, msg: {"id":2,"route":"connector.pushHandler.subscribe","body":{"clientId":"","channelName":"com.inet.xoso","timestamp":1427798951890}}
[2015-03-31 17:49:11.925] [DEBUG] pomelo - [36m[/Users/truongnguyen/Documents/workspace/Pomelo/PushChannel/game-server/node_modules/pomelo/lib/components/connector.js] [39msession on [connector-server-1] bind with uid: 
[2015-03-31 17:49:11.967] [DEBUG] pomelo - [36m[/Users/truongnguyen/Documents/workspace/Pomelo/PushChannel/game-server/node_modules/pomelo/lib/components/connector.js] [39m[connector-server-1] send message reqId: 2, route: connector.pushHandler.subscribe, msg: {"route":"subscribe","result":"{\"code\":200,\"msg\":\"subscribe message is ok.\"}"}, receivers: [1], opts: {"type":"response","userOptions":{},"isResponse":true}
[2015-03-31 17:53:01.395] [INFO] pomelo - [32m[/Users/truongnguyen/Documents/workspace/Pomelo/PushChannel/game-server/node_modules/pomelo/lib/application.js] [39mapplication inited: "connector-server-1"
[2015-03-31 17:53:01.923] [INFO] pomelo - [32m[/Users/truongnguyen/Documents/workspace/Pomelo/PushChannel/game-server/node_modules/pomelo/lib/application.js] [39m"connector-server-1" enter after start...
[2015-03-31 17:53:01.926] [INFO] pomelo - [32m[/Users/truongnguyen/Documents/workspace/Pomelo/PushChannel/game-server/node_modules/pomelo/lib/application.js] [39m"connector-server-1" finish start
[2015-03-31 17:53:01.927] [INFO] pomelo - [32m[/Users/truongnguyen/Documents/workspace/Pomelo/PushChannel/game-server/node_modules/pomelo/lib/application.js] [39m"connector-server-1" startup in 428 ms
[2015-03-31 17:53:01.959] [DEBUG] pomelo - [36m[/Users/truongnguyen/Documents/workspace/Pomelo/PushChannel/game-server/node_modules/pomelo/lib/modules/monitorwatcher.js] [39m[connector-server-1] receive addServer signal: {"action":"addServer","server":{"main":"/Users/truongnguyen/Documents/workspace/Pomelo/PushChannel/game-server/app.js","env":"development","id":"pushhttp","host":"127.0.0.1","port":3002,"serverType":"pushhttp","pid":17952}}
[2015-03-31 17:53:06.408] [DEBUG] pomelo - [36m[/Users/truongnguyen/Documents/workspace/Pomelo/PushChannel/game-server/node_modules/pomelo/lib/components/connector.js] [39m[connector-server-1] getSession session is created with session id: 1
[2015-03-31 17:53:06.467] [DEBUG] pomelo - [36m[/Users/truongnguyen/Documents/workspace/Pomelo/PushChannel/game-server/node_modules/pomelo/lib/components/connector.js] [39m[connector-server-1] handleMessage session id: 1, msg: {"id":2,"route":"connector.pushHandler.subscribe","body":{"clientId":"","channelName":"com.inet.xoso","timestamp":1427799186451}}
[2015-03-31 17:53:06.473] [DEBUG] pomelo - [36m[/Users/truongnguyen/Documents/workspace/Pomelo/PushChannel/game-server/node_modules/pomelo/lib/components/connector.js] [39msession on [connector-server-1] bind with uid: 
[2015-03-31 17:53:06.504] [DEBUG] pomelo - [36m[/Users/truongnguyen/Documents/workspace/Pomelo/PushChannel/game-server/node_modules/pomelo/lib/components/connector.js] [39m[connector-server-1] send message reqId: 2, route: connector.pushHandler.subscribe, msg: {"route":"subscribe","result":"{\"code\":200,\"msg\":\"subscribe message is ok.\"}"}, receivers: [1], opts: {"type":"response","userOptions":{},"isResponse":true}
[2015-03-31 17:55:28.533] [INFO] pomelo - [32m[/Users/truongnguyen/Documents/workspace/Pomelo/PushChannel/game-server/node_modules/pomelo/lib/application.js] [39mapplication inited: "connector-server-1"
[2015-03-31 17:55:29.047] [INFO] pomelo - [32m[/Users/truongnguyen/Documents/workspace/Pomelo/PushChannel/game-server/node_modules/pomelo/lib/application.js] [39m"connector-server-1" enter after start...
[2015-03-31 17:55:29.050] [INFO] pomelo - [32m[/Users/truongnguyen/Documents/workspace/Pomelo/PushChannel/game-server/node_modules/pomelo/lib/application.js] [39m"connector-server-1" finish start
[2015-03-31 17:55:29.050] [INFO] pomelo - [32m[/Users/truongnguyen/Documents/workspace/Pomelo/PushChannel/game-server/node_modules/pomelo/lib/application.js] [39m"connector-server-1" startup in 420 ms
[2015-03-31 17:55:29.103] [DEBUG] pomelo - [36m[/Users/truongnguyen/Documents/workspace/Pomelo/PushChannel/game-server/node_modules/pomelo/lib/modules/monitorwatcher.js] [39m[connector-server-1] receive addServer signal: {"action":"addServer","server":{"main":"/Users/truongnguyen/Documents/workspace/Pomelo/PushChannel/game-server/app.js","env":"development","id":"pushhttp","host":"127.0.0.1","port":3002,"serverType":"pushhttp","pid":18010}}
[2015-03-31 17:55:37.604] [DEBUG] pomelo - [36m[/Users/truongnguyen/Documents/workspace/Pomelo/PushChannel/game-server/node_modules/pomelo/lib/components/connector.js] [39m[connector-server-1] getSession session is created with session id: 1
[2015-03-31 17:55:37.627] [DEBUG] pomelo - [36m[/Users/truongnguyen/Documents/workspace/Pomelo/PushChannel/game-server/node_modules/pomelo/lib/components/connector.js] [39m[connector-server-1] handleMessage session id: 1, msg: {"id":2,"route":"connector.pushHandler.subscribe","body":{"clientId":"","channelName":"com.inet.xoso","timestamp":1427799337606}}
[2015-03-31 17:55:37.633] [DEBUG] pomelo - [36m[/Users/truongnguyen/Documents/workspace/Pomelo/PushChannel/game-server/node_modules/pomelo/lib/components/connector.js] [39msession on [connector-server-1] bind with uid: 
[2015-03-31 17:55:37.664] [DEBUG] pomelo - [36m[/Users/truongnguyen/Documents/workspace/Pomelo/PushChannel/game-server/node_modules/pomelo/lib/components/connector.js] [39m[connector-server-1] send message reqId: 2, route: connector.pushHandler.subscribe, msg: {"route":"subscribe","result":"{\"code\":200,\"msg\":\"subscribe message is ok.\"}"}, receivers: [1], opts: {"type":"response","userOptions":{},"isResponse":true}
[2015-03-31 17:56:12.201] [DEBUG] pomelo - [36m[/Users/truongnguyen/Documents/workspace/Pomelo/PushChannel/game-server/node_modules/pomelo/lib/common/remote/frontend/channelRemote.js] [39m[connector-server-1] pushMessage uids: [""], msg: {"route":"onMessage","msg":"xxx"}, sids: [1]
[2015-03-31 17:56:12.201] [DEBUG] pomelo - [36m[/Users/truongnguyen/Documents/workspace/Pomelo/PushChannel/game-server/node_modules/pomelo/lib/components/connector.js] [39m[connector-server-1] send message reqId: null, route: onMessage, msg: {"route":"onMessage","msg":"xxx"}, receivers: [1], opts: {"type":"push","userOptions":{},"isPush":true}
[2015-03-31 17:56:26.100] [DEBUG] pomelo - [36m[/Users/truongnguyen/Documents/workspace/Pomelo/PushChannel/game-server/node_modules/pomelo/lib/common/remote/frontend/channelRemote.js] [39m[connector-server-1] pushMessage uids: [""], msg: {"route":"onMessage","msg":"xxx"}, sids: [1]
[2015-03-31 17:56:26.100] [DEBUG] pomelo - [36m[/Users/truongnguyen/Documents/workspace/Pomelo/PushChannel/game-server/node_modules/pomelo/lib/components/connector.js] [39m[connector-server-1] send message reqId: null, route: onMessage, msg: {"route":"onMessage","msg":"xxx"}, receivers: [1], opts: {"type":"push","userOptions":{},"isPush":true}
[2015-03-31 17:56:29.825] [DEBUG] pomelo - [36m[/Users/truongnguyen/Documents/workspace/Pomelo/PushChannel/game-server/node_modules/pomelo/lib/common/remote/frontend/channelRemote.js] [39m[connector-server-1] pushMessage uids: [""], msg: {"route":"onMessage","msg":"yyy"}, sids: [1]
[2015-03-31 17:56:29.826] [DEBUG] pomelo - [36m[/Users/truongnguyen/Documents/workspace/Pomelo/PushChannel/game-server/node_modules/pomelo/lib/components/connector.js] [39m[connector-server-1] send message reqId: null, route: onMessage, msg: {"route":"onMessage","msg":"yyy"}, receivers: [1], opts: {"type":"push","userOptions":{},"isPush":true}
